<?xml version="1.0" encoding="UTF-8"?>
<!-- Generated by org.testng.reporters.JUnitReportReporter -->
<testsuite hostname="LAPTOP-SHILPA" failures="0" tests="1" name="testCases.MainPageTest" time="7.143" errors="0" timestamp="2022-08-14T20:25:03 EDT" skipped="0">
  <testcase classname="testCases.MainPageTest" name="verifylogin" time="7.143"/>
  <system-out/>
</testsuite> <!-- testCases.MainPageTest -->
